<?xml version="1.0" encoding="UTF-8"?>
<!-- Generated by org.testng.reporters.JUnitXMLReporter -->
<testsuite ignored="1" hostname="LAPTOP-65CEBPK8" failures="1" tests="5" name="Homein Smoke Test Cases" time="107.741" errors="0" timestamp="2022-04-24T13:37:43 IST">
  <testcase classname="com.homein.testcases.LoginPageTest" name="homeinLoginTest" time="14.028"/>
  <testcase classname="com.homein.testcases.HomePageTest" name="verifyGuidenceMenuTest" time="20.39"/>
  <testcase classname="com.homein.testcases.HomePageTest" name="verifyProfileMenuTest" time="20.299"/>
  <testcase classname="com.homein.testcases.HomePageTest" name="verifyLogoffMenuTest" time="11.553"/>
  <testcase classname="com.homein.testcases.SignupPageTest" name="verifySignupTest" time="6.283">
    <failure type="java.lang.AssertionError" message="expected [Create your Home-in account hello] but found [Create your Home-in account]">
      <![CDATA[java.lang.AssertionError: expected [Create your Home-in account hello] but found [Create your Home-in account]
at com.homein.testcases.SignupPageTest.verifySignupTest(SignupPageTest.java:29)
at java.base/java.util.ArrayList.forEach(ArrayList.java:1511)
... Removed 33 stack frames]]>
    </failure>
  </testcase> <!-- verifySignupTest -->
  <testcase classname="com.homein.testcases.HomePageTest" name="verifyHomeMenuTest" time="0.0">
    <ignored/>
  </testcase> <!-- verifyHomeMenuTest -->
</testsuite> <!-- Homein Smoke Test Cases -->
